mobile-app/kotlin/app/build/intermediates/manifest_merge_blame_file/debug/manifest-merger-blame-debug-report.txt
1<?xml version="1.0" encoding="utf-8"?>
2<manifest xmlns:android="http://schemas.android.com/apk/res/android"
3    package="com.vidyaschool.app"
4    android:versionCode="31"
5    android:versionName="1.0" >
6
7    <uses-sdk
8        android:minSdkVersion="24"
9        android:targetSdkVersion="34" />
10
11    <uses-permission android:name="android.permission.INTERNET" />
11-->src/main/AndroidManifest.xml:3:5-67
11-->src/main/AndroidManifest.xml:3:22-64
12    <uses-permission android:name="android.permission.REQUEST_INSTALL_PACKAGES" />
12-->src/main/AndroidManifest.xml:4:5-83
12-->src/main/AndroidManifest.xml:4:22-80
13    <uses-permission android:name="android.permission.POST_NOTIFICATIONS" />
13-->src/main/AndroidManifest.xml:5:5-77
13-->src/main/AndroidManifest.xml:5:22-74
14
15    <queries>
15-->[net.openid:appauth:0.11.1] AndroidManifest.xml:24:5-32:15
16        <intent>
16-->[net.openid:appauth:0.11.1] AndroidManifest.xml:25:9-31:18
17            <action android:name="android.intent.action.VIEW" />
17-->src/main/AndroidManifest.xml:27:17-69
17-->src/main/AndroidManifest.xml:27:25-66
18
19            <category android:name="android.intent.category.BROWSABLE" />
19-->src/main/AndroidManifest.xml:29:17-78
19-->src/main/AndroidManifest.xml:29:27-75
20
21            <data android:scheme="https" />
21-->src/main/AndroidManifest.xml:30:17-33:55
21-->src/main/AndroidManifest.xml:31:21-57
22        </intent>
23        <intent>
23-->[com.razorpay:standard-core:1.7.15] AndroidManifest.xml:16:9-22:18
24            <action android:name="android.intent.action.VIEW" />
24-->src/main/AndroidManifest.xml:27:17-69
24-->src/main/AndroidManifest.xml:27:25-66
25
26            <data
26-->src/main/AndroidManifest.xml:30:17-33:55
27                android:mimeType="*/*"
28                android:scheme="*" />
28-->src/main/AndroidManifest.xml:31:21-57
29        </intent>
30        <intent>
30-->[com.razorpay:standard-core:1.7.15] AndroidManifest.xml:23:9-32:18
31            <action android:name="android.intent.action.VIEW" />
31-->src/main/AndroidManifest.xml:27:17-69
31-->src/main/AndroidManifest.xml:27:25-66
32
33            <category android:name="android.intent.category.BROWSABLE" />
33-->src/main/AndroidManifest.xml:29:17-78
33-->src/main/AndroidManifest.xml:29:27-75
34
35            <data
35-->src/main/AndroidManifest.xml:30:17-33:55
36                android:host="pay"
36-->src/main/AndroidManifest.xml:32:21-41
37                android:mimeType="*/*"
38                android:scheme="upi" />
38-->src/main/AndroidManifest.xml:31:21-57
39        </intent>
40        <intent>
40-->[com.razorpay:standard-core:1.7.15] AndroidManifest.xml:33:9-35:18
41            <action android:name="android.intent.action.MAIN" />
41-->src/main/AndroidManifest.xml:21:17-69
41-->src/main/AndroidManifest.xml:21:25-66
42        </intent>
43        <intent>
43-->[com.razorpay:standard-core:1.7.15] AndroidManifest.xml:36:9-40:18
44            <action android:name="android.intent.action.SEND" />
44-->[com.razorpay:standard-core:1.7.15] AndroidManifest.xml:37:13-65
44-->[com.razorpay:standard-core:1.7.15] AndroidManifest.xml:37:21-62
45
46            <data android:mimeType="*/*" />
46-->src/main/AndroidManifest.xml:30:17-33:55
47        </intent>
48        <intent>
48-->[com.razorpay:standard-core:1.7.15] AndroidManifest.xml:41:9-43:18
49            <action android:name="rzp.device_token.share" />
49-->[com.razorpay:standard-core:1.7.15] AndroidManifest.xml:42:13-61
49-->[com.razorpay:standard-core:1.7.15] AndroidManifest.xml:42:21-58
50        </intent>
51    </queries>
52
53    <uses-permission android:name="android.permission.NFC" />
53-->[com.razorpay:standard-core:1.7.15] AndroidManifest.xml:9:5-62
53-->[com.razorpay:standard-core:1.7.15] AndroidManifest.xml:9:22-59
54
55    <uses-feature
55-->[com.razorpay:standard-core:1.7.15] AndroidManifest.xml:11:5-13:36
56        android:name="android.hardware.nfc"
56-->[com.razorpay:standard-core:1.7.15] AndroidManifest.xml:12:9-44
57        android:required="false" />
57-->[com.razorpay:standard-core:1.7.15] AndroidManifest.xml:13:9-33
58
59    <uses-permission android:name="android.permission.ACCESS_NETWORK_STATE" />
59-->[com.google.firebase:firebase-messaging:24.0.0] AndroidManifest.xml:22:5-79
59-->[com.google.firebase:firebase-messaging:24.0.0] AndroidManifest.xml:22:22-76
60    <uses-permission android:name="android.permission.WAKE_LOCK" /> <!-- Required by older versions of Google Play services to create IID tokens -->
60-->[com.google.firebase:firebase-messaging:24.0.0] AndroidManifest.xml:24:5-68
60-->[com.google.firebase:firebase-messaging:24.0.0] AndroidManifest.xml:24:22-65
61    <uses-permission android:name="com.google.android.c2dm.permission.RECEIVE" />
61-->[com.google.firebase:firebase-messaging:24.0.0] AndroidManifest.xml:26:5-82
61-->[com.google.firebase:firebase-messaging:24.0.0] AndroidManifest.xml:26:22-79
62
63    <uses-feature
63-->[com.google.android.gms:play-services-maps:17.0.0] AndroidManifest.xml:26:5-28:35
64        android:glEsVersion="0x00020000"
64-->[com.google.android.gms:play-services-maps:17.0.0] AndroidManifest.xml:27:9-41
65        android:required="true" />
65-->[com.google.android.gms:play-services-maps:17.0.0] AndroidManifest.xml:28:9-32
66
67    <permission
67-->[androidx.core:core:1.13.1] AndroidManifest.xml:22:5-24:47
68        android:name="com.vidyaschool.app.DYNAMIC_RECEIVER_NOT_EXPORTED_PERMISSION"
68-->[androidx.core:core:1.13.1] AndroidManifest.xml:23:9-81
69        android:protectionLevel="signature" />
69-->[androidx.core:core:1.13.1] AndroidManifest.xml:24:9-44
70
71    <uses-permission android:name="com.vidyaschool.app.DYNAMIC_RECEIVER_NOT_EXPORTED_PERMISSION" /> <!-- Normal permission, automatically granted on API 23+ -->
71-->[androidx.core:core:1.13.1] AndroidManifest.xml:26:5-97
71-->[androidx.core:core:1.13.1] AndroidManifest.xml:26:22-94
72    <uses-permission android:name="android.permission.READ_BASIC_PHONE_STATE" />
72-->[com.razorpay:core:1.0.16] AndroidManifest.xml:10:5-81
72-->[com.razorpay:core:1.0.16] AndroidManifest.xml:10:22-78
73
74    <application
74-->src/main/AndroidManifest.xml:7:5-65:19
75        android:allowBackup="true"
75-->src/main/AndroidManifest.xml:8:9-35
76        android:appComponentFactory="androidx.core.app.CoreComponentFactory"
76-->[androidx.core:core:1.13.1] AndroidManifest.xml:28:18-86
77        android:debuggable="true"
78        android:extractNativeLibs="false"
79        android:icon="@mipmap/ic_launcher"
79-->src/main/AndroidManifest.xml:9:9-43
80        android:label="Vidya School"
80-->src/main/AndroidManifest.xml:11:9-37
81        android:roundIcon="@mipmap/ic_launcher"
81-->src/main/AndroidManifest.xml:10:9-48
82        android:theme="@style/Theme.AppCompat.NoActionBar"
82-->src/main/AndroidManifest.xml:12:9-59
83        android:usesCleartextTraffic="true" >
83-->src/main/AndroidManifest.xml:13:9-44
84        <activity
84-->src/main/AndroidManifest.xml:14:9-46:20
85            android:name="com.vidyaschool.app.MainActivity"
85-->src/main/AndroidManifest.xml:15:13-41
86            android:exported="true"
86-->src/main/AndroidManifest.xml:16:13-36
87            android:launchMode="singleTask"
87-->src/main/AndroidManifest.xml:19:13-44
88            android:theme="@style/Theme.VidyaSchool.Splash"
88-->src/main/AndroidManifest.xml:18:13-60
89            android:windowSoftInputMode="adjustResize" >
89-->src/main/AndroidManifest.xml:17:13-55
90            <intent-filter>
90-->src/main/AndroidManifest.xml:20:13-23:29
91                <action android:name="android.intent.action.MAIN" />
91-->src/main/AndroidManifest.xml:21:17-69
91-->src/main/AndroidManifest.xml:21:25-66
92
93                <category android:name="android.intent.category.LAUNCHER" />
93-->src/main/AndroidManifest.xml:22:17-77
93-->src/main/AndroidManifest.xml:22:27-74
94            </intent-filter>
95
96            <!-- GitHub OAuth redirect -->
97            <intent-filter>
97-->src/main/AndroidManifest.xml:26:13-34:29
98                <action android:name="android.intent.action.VIEW" />
98-->src/main/AndroidManifest.xml:27:17-69
98-->src/main/AndroidManifest.xml:27:25-66
99
100                <category android:name="android.intent.category.DEFAULT" />
100-->src/main/AndroidManifest.xml:28:17-76
100-->src/main/AndroidManifest.xml:28:27-73
101                <category android:name="android.intent.category.BROWSABLE" />
101-->src/main/AndroidManifest.xml:29:17-78
101-->src/main/AndroidManifest.xml:29:27-75
102
103                <data
103-->src/main/AndroidManifest.xml:30:17-33:55
104                    android:host="oauth"
104-->src/main/AndroidManifest.xml:32:21-41
105                    android:path="/github/callback"
105-->src/main/AndroidManifest.xml:33:21-52
106                    android:scheme="com.vidyaschool.app" />
106-->src/main/AndroidManifest.xml:31:21-57
107            </intent-filter>
108
109            <!-- Fee receipt deep link -->
110            <intent-filter android:autoVerify="true" >
110-->src/main/AndroidManifest.xml:37:13-45:29
110-->src/main/AndroidManifest.xml:37:28-53
111                <action android:name="android.intent.action.VIEW" />
111-->src/main/AndroidManifest.xml:27:17-69
111-->src/main/AndroidManifest.xml:27:25-66
112
113                <category android:name="android.intent.category.DEFAULT" />
113-->src/main/AndroidManifest.xml:28:17-76
113-->src/main/AndroidManifest.xml:28:27-73
114                <category android:name="android.intent.category.BROWSABLE" />
114-->src/main/AndroidManifest.xml:29:17-78
114-->src/main/AndroidManifest.xml:29:27-75
115
116                <data
116-->src/main/AndroidManifest.xml:30:17-33:55
117                    android:host="vidyaschool.vercel.app"
117-->src/main/AndroidManifest.xml:32:21-41
118                    android:pathPrefix="/fee/payment/"
118-->src/main/AndroidManifest.xml:44:21-55
119                    android:scheme="https" />
119-->src/main/AndroidManifest.xml:31:21-57
120            </intent-filter>
121        </activity>
122
123        <provider
123-->src/main/AndroidManifest.xml:48:9-56:20
124            android:name="androidx.core.content.FileProvider"
124-->src/main/AndroidManifest.xml:49:13-62
125            android:authorities="com.vidyaschool.app.fileprovider"
125-->src/main/AndroidManifest.xml:50:13-67
126            android:exported="false"
126-->src/main/AndroidManifest.xml:51:13-37
127            android:grantUriPermissions="true" >
127-->src/main/AndroidManifest.xml:52:13-47
128            <meta-data
128-->src/main/AndroidManifest.xml:53:13-55:54
129                android:name="android.support.FILE_PROVIDER_PATHS"
129-->src/main/AndroidManifest.xml:54:17-67
130                android:resource="@xml/file_paths" />
130-->src/main/AndroidManifest.xml:55:17-51
131        </provider>
132
133        <service
133-->src/main/AndroidManifest.xml:58:9-64:19
134            android:name="com.vidyaschool.app.MyFirebaseMessagingService"
134-->src/main/AndroidManifest.xml:59:13-55
135            android:exported="false" >
135-->src/main/AndroidManifest.xml:60:13-37
136            <intent-filter>
136-->src/main/AndroidManifest.xml:61:13-63:29
137                <action android:name="com.google.firebase.MESSAGING_EVENT" />
137-->src/main/AndroidManifest.xml:62:17-78
137-->src/main/AndroidManifest.xml:62:25-75
138            </intent-filter>
139        </service>
140
141        <activity
141-->[net.openid:appauth:0.11.1] AndroidManifest.xml:35:9-40:77
142            android:name="net.openid.appauth.AuthorizationManagementActivity"
142-->[net.openid:appauth:0.11.1] AndroidManifest.xml:36:13-78
143            android:configChanges="screenSize|smallestScreenSize|screenLayout|orientation|keyboard|keyboardHidden"
143-->[net.openid:appauth:0.11.1] AndroidManifest.xml:37:13-115
144            android:exported="false"
144-->[net.openid:appauth:0.11.1] AndroidManifest.xml:38:13-37
145            android:launchMode="singleTask"
145-->[net.openid:appauth:0.11.1] AndroidManifest.xml:39:13-44
146            android:theme="@style/Theme.AppCompat.Translucent.NoTitleBar" />
146-->[net.openid:appauth:0.11.1] AndroidManifest.xml:40:13-74
147        <activity
147-->[net.openid:appauth:0.11.1] AndroidManifest.xml:41:9-52:20
148            android:name="net.openid.appauth.RedirectUriReceiverActivity"
148-->[net.openid:appauth:0.11.1] AndroidManifest.xml:42:13-74
149            android:exported="true" >
149-->[net.openid:appauth:0.11.1] AndroidManifest.xml:43:13-36
150            <intent-filter>
150-->[net.openid:appauth:0.11.1] AndroidManifest.xml:44:13-51:29
151                <action android:name="android.intent.action.VIEW" />
151-->src/main/AndroidManifest.xml:27:17-69
151-->src/main/AndroidManifest.xml:27:25-66
152
153                <category android:name="android.intent.category.DEFAULT" />
153-->src/main/AndroidManifest.xml:28:17-76
153-->src/main/AndroidManifest.xml:28:27-73
154                <category android:name="android.intent.category.BROWSABLE" />
154-->src/main/AndroidManifest.xml:29:17-78
154-->src/main/AndroidManifest.xml:29:27-75
155
156                <data android:scheme="com.vidyaschool.app" />
156-->src/main/AndroidManifest.xml:30:17-33:55
156-->src/main/AndroidManifest.xml:31:21-57
157            </intent-filter>
158        </activity>
159
160        <service
160-->[androidx.credentials:credentials-play-services-auth:1.3.0] AndroidManifest.xml:24:9-32:19
161            android:name="androidx.credentials.playservices.CredentialProviderMetadataHolder"
161-->[androidx.credentials:credentials-play-services-auth:1.3.0] AndroidManifest.xml:25:13-94
162            android:enabled="true"
162-->[androidx.credentials:credentials-play-services-auth:1.3.0] AndroidManifest.xml:26:13-35
163            android:exported="false" >
163-->[androidx.credentials:credentials-play-services-auth:1.3.0] AndroidManifest.xml:27:13-37
164            <meta-data
164-->[androidx.credentials:credentials-play-services-auth:1.3.0] AndroidManifest.xml:29:13-31:104
165                android:name="androidx.credentials.CREDENTIAL_PROVIDER_KEY"
165-->[androidx.credentials:credentials-play-services-auth:1.3.0] AndroidManifest.xml:30:17-76
166                android:value="androidx.credentials.playservices.CredentialProviderPlayServicesImpl" />
166-->[androidx.credentials:credentials-play-services-auth:1.3.0] AndroidManifest.xml:31:17-101
167        </service>
168
169        <activity
169-->[androidx.credentials:credentials-play-services-auth:1.3.0] AndroidManifest.xml:34:9-41:20
170            android:name="androidx.credentials.playservices.HiddenActivity"
170-->[androidx.credentials:credentials-play-services-auth:1.3.0] AndroidManifest.xml:35:13-76
171            android:configChanges="orientation|screenSize|screenLayout|keyboardHidden"
171-->[androidx.credentials:credentials-play-services-auth:1.3.0] AndroidManifest.xml:36:13-87
172            android:enabled="true"
172-->[androidx.credentials:credentials-play-services-auth:1.3.0] AndroidManifest.xml:37:13-35
173            android:exported="false"
173-->[androidx.credentials:credentials-play-services-auth:1.3.0] AndroidManifest.xml:38:13-37
174            android:fitsSystemWindows="true"
174-->[androidx.credentials:credentials-play-services-auth:1.3.0] AndroidManifest.xml:39:13-45
175            android:theme="@style/Theme.Hidden" >
175-->[androidx.credentials:credentials-play-services-auth:1.3.0] AndroidManifest.xml:40:13-48
176        </activity>
177        <activity
177-->[com.razorpay:standard-core:1.7.15] AndroidManifest.xml:47:9-55:20
178            android:name="com.razorpay.CheckoutActivity"
178-->[com.razorpay:standard-core:1.7.15] AndroidManifest.xml:48:13-57
179            android:configChanges="keyboard|keyboardHidden|orientation|screenSize"
179-->[com.razorpay:standard-core:1.7.15] AndroidManifest.xml:49:13-83
180            android:exported="false"
180-->[com.razorpay:standard-core:1.7.15] AndroidManifest.xml:50:13-37
181            android:theme="@style/CheckoutTheme" >
181-->[com.razorpay:standard-core:1.7.15] AndroidManifest.xml:51:13-49
182            <intent-filter>
182-->[com.razorpay:standard-core:1.7.15] AndroidManifest.xml:52:13-54:29
183                <action android:name="android.intent.action.MAIN" />
183-->src/main/AndroidManifest.xml:21:17-69
183-->src/main/AndroidManifest.xml:21:25-66
184            </intent-filter>
185        </activity>
186
187        <provider
187-->[com.razorpay:standard-core:1.7.15] AndroidManifest.xml:57:9-68:20
188            android:name="androidx.startup.InitializationProvider"
188-->[com.razorpay:standard-core:1.7.15] AndroidManifest.xml:58:13-67
189            android:authorities="com.vidyaschool.app.androidx-startup"
189-->[com.razorpay:standard-core:1.7.15] AndroidManifest.xml:59:13-68
190            android:exported="false" >
190-->[com.razorpay:standard-core:1.7.15] AndroidManifest.xml:60:13-37
191            <meta-data
191-->[com.razorpay:standard-core:1.7.15] AndroidManifest.xml:62:13-64:52
192                android:name="com.razorpay.RazorpayInitializer"
192-->[com.razorpay:standard-core:1.7.15] AndroidManifest.xml:63:17-64
193                android:value="androidx.startup" />
193-->[com.razorpay:standard-core:1.7.15] AndroidManifest.xml:64:17-49
194            <meta-data
194-->[com.razorpay:standard-core:1.7.15] AndroidManifest.xml:65:13-67:52
195                android:name="com.razorpay.CoreInitializer"
195-->[com.razorpay:standard-core:1.7.15] AndroidManifest.xml:66:17-60
196                android:value="androidx.startup" />
196-->[com.razorpay:standard-core:1.7.15] AndroidManifest.xml:67:17-49
197            <meta-data
197-->[androidx.emoji2:emoji2:1.3.0] AndroidManifest.xml:29:13-31:52
198                android:name="androidx.emoji2.text.EmojiCompatInitializer"
198-->[androidx.emoji2:emoji2:1.3.0] AndroidManifest.xml:30:17-75
199                android:value="androidx.startup" />
199-->[androidx.emoji2:emoji2:1.3.0] AndroidManifest.xml:31:17-49
200            <meta-data
200-->[androidx.lifecycle:lifecycle-process:2.8.3] AndroidManifest.xml:29:13-31:52
201                android:name="androidx.lifecycle.ProcessLifecycleInitializer"
201-->[androidx.lifecycle:lifecycle-process:2.8.3] AndroidManifest.xml:30:17-78
202                android:value="androidx.startup" />
202-->[androidx.lifecycle:lifecycle-process:2.8.3] AndroidManifest.xml:31:17-49
203            <meta-data
203-->[androidx.profileinstaller:profileinstaller:1.3.1] AndroidManifest.xml:29:13-31:52
204                android:name="androidx.profileinstaller.ProfileInstallerInitializer"
204-->[androidx.profileinstaller:profileinstaller:1.3.1] AndroidManifest.xml:30:17-85
205                android:value="androidx.startup" />
205-->[androidx.profileinstaller:profileinstaller:1.3.1] AndroidManifest.xml:31:17-49
206        </provider>
207
208        <activity
208-->[com.razorpay:standard-core:1.7.15] AndroidManifest.xml:70:9-73:75
209            android:name="com.razorpay.MagicXActivity"
209-->[com.razorpay:standard-core:1.7.15] AndroidManifest.xml:71:13-55
210            android:exported="false"
210-->[com.razorpay:standard-core:1.7.15] AndroidManifest.xml:72:13-37
211            android:theme="@android:style/Theme.Translucent.NoTitleBar" />
211-->[com.razorpay:standard-core:1.7.15] AndroidManifest.xml:73:13-72
212        <activity
212-->[com.google.android.gms:play-services-auth:21.1.1] AndroidManifest.xml:23:9-27:75
213            android:name="com.google.android.gms.auth.api.signin.internal.SignInHubActivity"
213-->[com.google.android.gms:play-services-auth:21.1.1] AndroidManifest.xml:24:13-93
214            android:excludeFromRecents="true"
214-->[com.google.android.gms:play-services-auth:21.1.1] AndroidManifest.xml:25:13-46
215            android:exported="false"
215-->[com.google.android.gms:play-services-auth:21.1.1] AndroidManifest.xml:26:13-37
216            android:theme="@android:style/Theme.Translucent.NoTitleBar" />
216-->[com.google.android.gms:play-services-auth:21.1.1] AndroidManifest.xml:27:13-72
217        <!--
218            Service handling Google Sign-In user revocation. For apps that do not integrate with
219            Google Sign-In, this service will never be started.
220        -->
221        <service
221-->[com.google.android.gms:play-services-auth:21.1.1] AndroidManifest.xml:33:9-37:51
222            android:name="com.google.android.gms.auth.api.signin.RevocationBoundService"
222-->[com.google.android.gms:play-services-auth:21.1.1] AndroidManifest.xml:34:13-89
223            android:exported="true"
223-->[com.google.android.gms:play-services-auth:21.1.1] AndroidManifest.xml:35:13-36
224            android:permission="com.google.android.gms.auth.api.signin.permission.REVOCATION_NOTIFICATION"
224-->[com.google.android.gms:play-services-auth:21.1.1] AndroidManifest.xml:36:13-107
225            android:visibleToInstantApps="true" />
225-->[com.google.android.gms:play-services-auth:21.1.1] AndroidManifest.xml:37:13-48
226
227        <receiver
227-->[com.google.firebase:firebase-messaging:24.0.0] AndroidManifest.xml:29:9-40:20
228            android:name="com.google.firebase.iid.FirebaseInstanceIdReceiver"
228-->[com.google.firebase:firebase-messaging:24.0.0] AndroidManifest.xml:30:13-78
229            android:exported="true"
229-->[com.google.firebase:firebase-messaging:24.0.0] AndroidManifest.xml:31:13-36
230            android:permission="com.google.android.c2dm.permission.SEND" >
230-->[com.google.firebase:firebase-messaging:24.0.0] AndroidManifest.xml:32:13-73
231            <intent-filter>
231-->[com.google.firebase:firebase-messaging:24.0.0] AndroidManifest.xml:33:13-35:29
232                <action android:name="com.google.android.c2dm.intent.RECEIVE" />
232-->[com.google.firebase:firebase-messaging:24.0.0] AndroidManifest.xml:34:17-81
232-->[com.google.firebase:firebase-messaging:24.0.0] AndroidManifest.xml:34:25-78
233            </intent-filter>
234
235            <meta-data
235-->[com.google.firebase:firebase-messaging:24.0.0] AndroidManifest.xml:37:13-39:40
236                android:name="com.google.android.gms.cloudmessaging.FINISHED_AFTER_HANDLED"
236-->[com.google.firebase:firebase-messaging:24.0.0] AndroidManifest.xml:38:17-92
237                android:value="true" />
237-->[com.google.firebase:firebase-messaging:24.0.0] AndroidManifest.xml:39:17-37
238        </receiver>
239        <!--
240             FirebaseMessagingService performs security checks at runtime,
241             but set to not exported to explicitly avoid allowing another app to call it.
242        -->
243        <service
243-->[com.google.firebase:firebase-messaging:24.0.0] AndroidManifest.xml:46:9-53:19
244            android:name="com.google.firebase.messaging.FirebaseMessagingService"
244-->[com.google.firebase:firebase-messaging:24.0.0] AndroidManifest.xml:47:13-82
245            android:directBootAware="true"
245-->[com.google.firebase:firebase-messaging:24.0.0] AndroidManifest.xml:48:13-43
246            android:exported="false" >
246-->[com.google.firebase:firebase-messaging:24.0.0] AndroidManifest.xml:49:13-37
247            <intent-filter android:priority="-500" >
247-->src/main/AndroidManifest.xml:61:13-63:29
248                <action android:name="com.google.firebase.MESSAGING_EVENT" />
248-->src/main/AndroidManifest.xml:62:17-78
248-->src/main/AndroidManifest.xml:62:25-75
249            </intent-filter>
250        </service>
251        <service
251-->[com.google.firebase:firebase-messaging:24.0.0] AndroidManifest.xml:54:9-63:19
252            android:name="com.google.firebase.components.ComponentDiscoveryService"
252-->[com.google.firebase:firebase-messaging:24.0.0] AndroidManifest.xml:55:13-84
253            android:directBootAware="true"
253-->[com.google.firebase:firebase-common:21.0.0] AndroidManifest.xml:32:13-43
254            android:exported="false" >
254-->[com.google.firebase:firebase-messaging:24.0.0] AndroidManifest.xml:56:13-37
255            <meta-data
255-->[com.google.firebase:firebase-messaging:24.0.0] AndroidManifest.xml:57:13-59:85
256                android:name="com.google.firebase.components:com.google.firebase.messaging.FirebaseMessagingKtxRegistrar"
256-->[com.google.firebase:firebase-messaging:24.0.0] AndroidManifest.xml:58:17-122
257                android:value="com.google.firebase.components.ComponentRegistrar" />
257-->[com.google.firebase:firebase-messaging:24.0.0] AndroidManifest.xml:59:17-82
258            <meta-data
258-->[com.google.firebase:firebase-messaging:24.0.0] AndroidManifest.xml:60:13-62:85
259                android:name="com.google.firebase.components:com.google.firebase.messaging.FirebaseMessagingRegistrar"
259-->[com.google.firebase:firebase-messaging:24.0.0] AndroidManifest.xml:61:17-119
260                android:value="com.google.firebase.components.ComponentRegistrar" />
260-->[com.google.firebase:firebase-messaging:24.0.0] AndroidManifest.xml:62:17-82
261            <meta-data
261-->[com.google.firebase:firebase-installations:18.0.0] AndroidManifest.xml:15:13-17:85
262                android:name="com.google.firebase.components:com.google.firebase.installations.FirebaseInstallationsKtxRegistrar"
262-->[com.google.firebase:firebase-installations:18.0.0] AndroidManifest.xml:16:17-130
263                android:value="com.google.firebase.components.ComponentRegistrar" />
263-->[com.google.firebase:firebase-installations:18.0.0] AndroidManifest.xml:17:17-82
264            <meta-data
264-->[com.google.firebase:firebase-installations:18.0.0] AndroidManifest.xml:18:13-20:85
265                android:name="com.google.firebase.components:com.google.firebase.installations.FirebaseInstallationsRegistrar"
265-->[com.google.firebase:firebase-installations:18.0.0] AndroidManifest.xml:19:17-127
266                android:value="com.google.firebase.components.ComponentRegistrar" />
266-->[com.google.firebase:firebase-installations:18.0.0] AndroidManifest.xml:20:17-82
267            <meta-data
267-->[com.google.firebase:firebase-common-ktx:21.0.0] AndroidManifest.xml:12:13-14:85
268                android:name="com.google.firebase.components:com.google.firebase.ktx.FirebaseCommonLegacyRegistrar"
268-->[com.google.firebase:firebase-common-ktx:21.0.0] AndroidManifest.xml:13:17-116
269                android:value="com.google.firebase.components.ComponentRegistrar" />
269-->[com.google.firebase:firebase-common-ktx:21.0.0] AndroidManifest.xml:14:17-82
270            <meta-data
270-->[com.google.firebase:firebase-common:21.0.0] AndroidManifest.xml:35:13-37:85
271                android:name="com.google.firebase.components:com.google.firebase.FirebaseCommonKtxRegistrar"
271-->[com.google.firebase:firebase-common:21.0.0] AndroidManifest.xml:36:17-109
272                android:value="com.google.firebase.components.ComponentRegistrar" />
272-->[com.google.firebase:firebase-common:21.0.0] AndroidManifest.xml:37:17-82
273            <meta-data
273-->[com.google.firebase:firebase-datatransport:18.2.0] AndroidManifest.xml:25:13-27:85
274                android:name="com.google.firebase.components:com.google.firebase.datatransport.TransportRegistrar"
274-->[com.google.firebase:firebase-datatransport:18.2.0] AndroidManifest.xml:26:17-115
275                android:value="com.google.firebase.components.ComponentRegistrar" />
275-->[com.google.firebase:firebase-datatransport:18.2.0] AndroidManifest.xml:27:17-82
276        </service> <!-- Needs to be explicitly declared on P+ -->
277        <uses-library
277-->[com.google.android.gms:play-services-maps:17.0.0] AndroidManifest.xml:33:9-35:40
278            android:name="org.apache.http.legacy"
278-->[com.google.android.gms:play-services-maps:17.0.0] AndroidManifest.xml:34:13-50
279            android:required="false" />
279-->[com.google.android.gms:play-services-maps:17.0.0] AndroidManifest.xml:35:13-37
280
281        <activity
281-->[com.google.android.gms:play-services-base:18.3.0] AndroidManifest.xml:20:9-22:45
282            android:name="com.google.android.gms.common.api.GoogleApiActivity"
282-->[com.google.android.gms:play-services-base:18.3.0] AndroidManifest.xml:20:19-85
283            android:exported="false"
283-->[com.google.android.gms:play-services-base:18.3.0] AndroidManifest.xml:22:19-43
284            android:theme="@android:style/Theme.Translucent.NoTitleBar" />
284-->[com.google.android.gms:play-services-base:18.3.0] AndroidManifest.xml:21:19-78
285
286        <provider
286-->[com.google.firebase:firebase-common:21.0.0] AndroidManifest.xml:23:9-28:39
287            android:name="com.google.firebase.provider.FirebaseInitProvider"
287-->[com.google.firebase:firebase-common:21.0.0] AndroidManifest.xml:24:13-77
288            android:authorities="com.vidyaschool.app.firebaseinitprovider"
288-->[com.google.firebase:firebase-common:21.0.0] AndroidManifest.xml:25:13-72
289            android:directBootAware="true"
289-->[com.google.firebase:firebase-common:21.0.0] AndroidManifest.xml:26:13-43
290            android:exported="false"
290-->[com.google.firebase:firebase-common:21.0.0] AndroidManifest.xml:27:13-37
291            android:initOrder="100" />
291-->[com.google.firebase:firebase-common:21.0.0] AndroidManifest.xml:28:13-36
292
293        <meta-data
293-->[com.google.android.gms:play-services-basement:18.3.0] AndroidManifest.xml:21:9-23:69
294            android:name="com.google.android.gms.version"
294-->[com.google.android.gms:play-services-basement:18.3.0] AndroidManifest.xml:22:13-58
295            android:value="@integer/google_play_services_version" />
295-->[com.google.android.gms:play-services-basement:18.3.0] AndroidManifest.xml:23:13-66
296
297        <service
297-->[com.google.android.datatransport:transport-backend-cct:3.1.9] AndroidManifest.xml:28:9-34:19
298            android:name="com.google.android.datatransport.runtime.backends.TransportBackendDiscovery"